{"time":1,"level":"INFO","msg": "Nothing happens unless first we dream.","author": "Carl Sandburg"}
{"timestamp":2,"level":"INFO","message": "Well begun is half done.","author": "Aristotle"}
{"time":"1970-01-01T00:00:00.00","level":"INFO","message": "Life is a learning experience, only if you learn.","author": "Yogi Berra"}
{"time":"1970-01-01T00:00:00.00","level":"INFO","message": "Self-complacency is fatal to progress.","author": "Margaret Sangster"}
{"time":"1970-01-01T00:00:00.00","level":"INFO","message": "Peace comes from within. Do not seek it without.","author": "Buddha"}
{"time":"1970-01-01T00:00:00.00","level":"INFO","message": "What you give is what you get.","author": "Byron Pulsifer"}
{"time":"1970-01-01T00:00:00.00","level":"INFO","message": "We can only learn to love by loving.","author": "Iris Murdoch"}
{"time":"1970-01-01T00:00:00.00","level":"INFO","message": "Life is change. Growth is optional. Choose wisely.","author": "Karen Clark"}
{"time":"1970-01-01T00:00:00.00","level":"INFO","message": "You'll see it when you believe it.","author": "Wayne Dyer"}
{"time":"1970-01-01T00:00:00.00","level":"INFO","message": "Today is the tomorrow we worried about yesterday.","author": null}
{"time":"1970-01-01T00:00:00.00","level":"INFO","message": "It's easier to see the mistakes on someone else's paper.","author": null}
{"time":"1970-01-01T00:00:00.00","level":"INFO","message": "Every man dies. Not every man really lives.","author": null}
{"time":"1970-01-01T00:00:00.00","level":"INFO","message": "To lead people walk behind them.","author": "Lao Tzu"}
{"time":"1970-01-01T00:00:00.00","level":"INFO","message": "Having nothing, nothing can he lose.","author": "William Shakespeare"}
{"time":"1970-01-01T00:00:00.00","level":"INFO","message": "Trouble is only opportunity in work clothes.","author": "Henry J. Kaiser"}
{"time":"1970-01-01T00:00:00.00","level":"INFO","message": "A rolling stone gathers no moss.","author": "Publilius Syrus"}
{"time":"1970-01-01T00:00:00.00","level":"INFO","message": "Ideas are the beginning points of all fortunes.","author": "Napoleon Hill"}
{"time":"1970-01-01T00:00:00.00","level":"INFO","message": "Everything in life is luck.","author": "Donald Trump"}
{"time":"1970-01-01T00:00:00.00","level":"INFO","message": "Doing nothing is better than being busy doing nothing.","author": "Lao Tzu"}
{"time":"1970-01-01T00:00:00.00","level":"INFO","message": "Trust yourself. You know more than you think you do.","author": "Benjamin Spock"}
{"time":"1970-01-01T00:00:00.00","level":"INFO","message": "Study the past, if you would divine the future.","author": "Confucius"}
{"time":"1970-01-01T00:00:00.00","level":"INFO","message": "The day is already blessed, find peace within it.","author": null}
{"time":"1970-01-01T00:00:00.00","level":"INFO","message": "From error to error one discovers the entire truth.","author": "Sigmund Freud"}
{"time":"1970-01-01T00:00:00.00","level":"INFO","message": "Well done is better than well said.","author": "Benjamin Franklin"}
{"time":"1970-01-01T00:00:00.00","level":"INFO","message": "Bite off more than you can chew, then chew it.","author": "Ella Williams"}
{"time":"1970-01-01T00:00:00.00","level":"INFO","message": "Work out your own salvation. Do not depend on others.","author": "Buddha"}
{"time":"1970-01-01T00:00:00.00","level":"INFO","message": "One today is worth two tomorrows.","author": "Benjamin Franklin"}
{"time":"1970-01-01T00:00:00.00","level":"INFO","message": "Once you choose hope, anythings possible.","author": "Christopher Reeve"}
{"time":"1970-01-01T00:00:00.00","level":"INFO","message": "God always takes the simplest way.","author": "Albert Einstein"}
{"time":"1970-01-01T00:00:00.00","level":"INFO","message": "One fails forward toward success.","author": "Charles Kettering"}
{"time":"1970-01-01T00:00:00.00","level":"INFO","message": "From small beginnings come great things.","author": null}
{"time":"1970-01-01T00:00:00.00","level":"INFO","message": "Learning is a treasure that will follow its owner everywhere","author": "Chinese proverb"}
{"time":"1970-01-01T00:00:00.00","level":"INFO","message": "Be as you wish to seem.","author": "Socrates"}
{"time":"1970-01-01T00:00:00.00","level":"INFO","message": "The world is always in movement.","author": "V. Naipaul"}
{"time":"1970-01-01T00:00:00.00","level":"INFO","message": "Never mistake activity for achievement.","author": "John Wooden"}
{"time":"1970-01-01T00:00:00.00","level":"INFO","message": "What worries you masters you.","author": "Haddon Robinson"}
{"time":"1970-01-01T00:00:00.00","level":"INFO","message": "One faces the future with ones past.","author": "Pearl Buck"}
{"time":"1970-01-01T00:00:00.00","level":"INFO","message": "Big json.", "array": [0, 1, 2, 3, 4, 5, 6, 7, 8, 9, 10, 11, 12, 13, 14, 15, 16, 17, 18, 19, 20, 21, 22, 23, 24, 25, 26, 27, 28, 29, 30, 31, 32, 33, 34, 35, 36, 37, 38, 39], "nested": {"time":"1970-01-01T00:00:00.00","level":"INFO","message": "Big json.", "array": [0, 1, 2, 3, 4, 5, 6, 7, 8, 9, 10, 11, 12, 13, 14, 15, 16, 17, 18, 19, 20, 21, 22, 23, 24, 25, 26, 27, 28, 29, 30, 31, 32, 33, 34, 35, 36, 37, 38, 39], "nested": {"time":"1970-01-01T00:00:00.00","level":"INFO","message": "Big json.", "array": [0, 1, 2, 3, 4, 5, 6, 7, 8, 9, 10, 11, 12, 13, 14, 15, 16, 17, 18, 19, 20, 21, 22, 23, 24, 25, 26, 27, 28, 29, 30, 31, 32, 33, 34, 35, 36, 37, 38, 39], "nested": {}}}}
{"time":"1970-01-01T00:00:00.00","level":"VERBOSE","message": "Goals are the fuel in the furnace of achievement.","author": "Brian Tracy"}
{"time":"1970-01-01T00:00:00.00","level":"FATAL","message": "Be the chief but never the lord.","author": "Lao Tzu"}
{"time":"1970-01-01T00:00:00.00","level":"PANIC","message": "Fate is in your hands and no one elses","author": "Byron Pulsifer"}
{"time":"1970-01-01T00:00:00.00","level":"ERROR","message": "Genius is one percent inspiration and ninety-nine percent perspiration.","author": "Thomas Edison"}
{"time":"1970-01-01T00:00:00.00","level":"WARN","message": "Who sows virtue reaps honour.","author": "Leonardo da Vinci"}
{"time":"1970-01-01T00:00:00.00","level":"INFO","message": "You can observe a lot just by watching.","author": "Yogi Berra"}
{"time":"1970-01-01T00:00:00.00","level":"DEBUG","message": "A house divided against itself cannot stand.","author": "Abraham Lincoln"}
{"time":"1970-01-01T00:00:00.00","level":"TRACE","message": "Difficulties increase the nearer we get to the goal.","author": "Johann Wolfgang von Goethe"}
plain text log
